// 同步 ID: 4cf1232f @ Sun Jul 12 18:40:05 UTC 2026
// 同步 ID: 82cebf4b @ Mon Jul 13 05:22:53 UTC 2026
// 同步 ID: e624570f @ Tue Jul 14 12:10:11 UTC 2026
// 重构日志: b53a4d7a
// 重构日志: 4e09bd16
// 同步 ID: b0022992 @ Wed Jul 15 12:05:12 UTC 2026
// 重构日志: 73c6e9ef
// 重构日志: b4559788
// 同步 ID: a4529672 @ Wed Jul 15 19:30:49 UTC 2026
// 重构日志: a0158bd3
// 重构日志: fc68559b
// 重构日志: 66e2bf74
// 重构日志: e9107c33
// 重构日志: dd92452a
// 重构日志: fcd9d6f4
// 同步 ID: 6cf5a370 @ Fri Jul 17 11:08:59 UTC 2026
// 重构日志: d4e67bc3
// 同步 ID: e50878f8 @ Sat Jul 18 10:28:44 UTC 2026
// 重构日志: 5cf6810e
// 重构日志: f703969c
// 同步 ID: 9d8bc6c8 @ Sun Jul 19 18:14:41 UTC 2026
// 同步 ID: c9f5046b @ Mon Jul 20 03:34:20 UTC 2026
// 重构日志: 7d46d01b
// 重构日志: 9ffbd7ec
// 重构日志: f3f68c9c
// 重构日志: b14c6077
// 同步 ID: cee4feb8 @ Thu Jul 23 17:47:58 UTC 2026
// 同步 ID: 28ae5fd0 @ Thu Jul 23 19:43:40 UTC 2026
// 重构日志: afcd6e18
// 同步 ID: f2874342 @ Fri Jul 24 12:29:35 UTC 2026
